[01m[K/home/ziad/Ziad_WS/ROS2/work_space/src/turtlebot3_custom/src/turtlebot3_controller.cpp:[m[K In member function â€˜[01m[Kvoid TurtleBot3Controller::execute_state_behavior(geometry_msgs::msg::Twist&, double)[m[Kâ€™:
[01m[K/home/ziad/Ziad_WS/ROS2/work_space/src/turtlebot3_custom/src/turtlebot3_controller.cpp:239:36:[m[K [01;31m[Kerror: [m[Kno matching function for call to â€˜[01m[Kclamp(geometry_msgs::msg::Vector3_<std::allocator<void> >::_x_type&, float, float)[m[Kâ€™
  239 |         twist.linear.x = [01;31m[Kstd::clamp(twist.linear.x, -0.3f, 0.3f)[m[K;
      |                          [01;31m[K~~~~~~~~~~^~~~~~~~~~~~~~~~~~~~~~~~~~~~~[m[K
In file included from [01m[K/usr/include/c++/11/algorithm:62[m[K,
                 from [01m[K/opt/ros/humble/include/rclcpp/rclcpp/executor.hpp:18[m[K,
                 from [01m[K/opt/ros/humble/include/rclcpp/rclcpp/executors/multi_threaded_executor.hpp:25[m[K,
                 from [01m[K/opt/ros/humble/include/rclcpp/rclcpp/executors.hpp:21[m[K,
                 from [01m[K/opt/ros/humble/include/rclcpp/rclcpp/rclcpp.hpp:155[m[K,
                 from [01m[K/home/ziad/Ziad_WS/ROS2/work_space/src/turtlebot3_custom/src/turtlebot3_controller.cpp:1[m[K:
[01m[K/usr/include/c++/11/bits/stl_algo.h:3656:5:[m[K [01;36m[Knote: [m[Kcandidate: â€˜[01m[Ktemplate<class _Tp> constexpr const _Tp& std::clamp(const _Tp&, const _Tp&, const _Tp&)[m[Kâ€™
 3656 |     [01;36m[Kclamp[m[K(const _Tp& __val, const _Tp& __lo, const _Tp& __hi)
      |     [01;36m[K^~~~~[m[K
[01m[K/usr/include/c++/11/bits/stl_algo.h:3656:5:[m[K [01;36m[Knote: [m[K  template argument deduction/substitution failed:
[01m[K/home/ziad/Ziad_WS/ROS2/work_space/src/turtlebot3_custom/src/turtlebot3_controller.cpp:239:36:[m[K [01;36m[Knote: [m[K  deduced conflicting types for parameter â€˜[01m[Kconst _Tp[m[Kâ€™ (â€˜[01m[Kdouble[m[Kâ€™ and â€˜[01m[Kfloat[m[Kâ€™)
  239 |         twist.linear.x = [01;36m[Kstd::clamp(twist.linear.x, -0.3f, 0.3f)[m[K;
      |                          [01;36m[K~~~~~~~~~~^~~~~~~~~~~~~~~~~~~~~~~~~~~~~[m[K
In file included from [01m[K/usr/include/c++/11/algorithm:62[m[K,
                 from [01m[K/opt/ros/humble/include/rclcpp/rclcpp/executor.hpp:18[m[K,
                 from [01m[K/opt/ros/humble/include/rclcpp/rclcpp/executors/multi_threaded_executor.hpp:25[m[K,
                 from [01m[K/opt/ros/humble/include/rclcpp/rclcpp/executors.hpp:21[m[K,
                 from [01m[K/opt/ros/humble/include/rclcpp/rclcpp/rclcpp.hpp:155[m[K,
                 from [01m[K/home/ziad/Ziad_WS/ROS2/work_space/src/turtlebot3_custom/src/turtlebot3_controller.cpp:1[m[K:
[01m[K/usr/include/c++/11/bits/stl_algo.h:3674:5:[m[K [01;36m[Knote: [m[Kcandidate: â€˜[01m[Ktemplate<class _Tp, class _Compare> constexpr const _Tp& std::clamp(const _Tp&, const _Tp&, const _Tp&, _Compare)[m[Kâ€™
 3674 |     [01;36m[Kclamp[m[K(const _Tp& __val, const _Tp& __lo, const _Tp& __hi, _Compare __comp)
      |     [01;36m[K^~~~~[m[K
[01m[K/usr/include/c++/11/bits/stl_algo.h:3674:5:[m[K [01;36m[Knote: [m[K  template argument deduction/substitution failed:
[01m[K/home/ziad/Ziad_WS/ROS2/work_space/src/turtlebot3_custom/src/turtlebot3_controller.cpp:239:36:[m[K [01;36m[Knote: [m[K  deduced conflicting types for parameter â€˜[01m[Kconst _Tp[m[Kâ€™ (â€˜[01m[Kdouble[m[Kâ€™ and â€˜[01m[Kfloat[m[Kâ€™)
  239 |         twist.linear.x = [01;36m[Kstd::clamp(twist.linear.x, -0.3f, 0.3f)[m[K;
      |                          [01;36m[K~~~~~~~~~~^~~~~~~~~~~~~~~~~~~~~~~~~~~~~[m[K
[01m[K/home/ziad/Ziad_WS/ROS2/work_space/src/turtlebot3_custom/src/turtlebot3_controller.cpp:240:37:[m[K [01;31m[Kerror: [m[Kno matching function for call to â€˜[01m[Kclamp(geometry_msgs::msg::Vector3_<std::allocator<void> >::_z_type&, float, float)[m[Kâ€™
  240 |         twist.angular.z = [01;31m[Kstd::clamp(twist.angular.z, -1.0f, 1.0f)[m[K;
      |                           [01;31m[K~~~~~~~~~~^~~~~~~~~~~~~~~~~~~~~~~~~~~~~~[m[K
In file included from [01m[K/usr/include/c++/11/algorithm:62[m[K,
                 from [01m[K/opt/ros/humble/include/rclcpp/rclcpp/executor.hpp:18[m[K,
                 from [01m[K/opt/ros/humble/include/rclcpp/rclcpp/executors/multi_threaded_executor.hpp:25[m[K,
                 from [01m[K/opt/ros/humble/include/rclcpp/rclcpp/executors.hpp:21[m[K,
                 from [01m[K/opt/ros/humble/include/rclcpp/rclcpp/rclcpp.hpp:155[m[K,
                 from [01m[K/home/ziad/Ziad_WS/ROS2/work_space/src/turtlebot3_custom/src/turtlebot3_controller.cpp:1[m[K:
[01m[K/usr/include/c++/11/bits/stl_algo.h:3656:5:[m[K [01;36m[Knote: [m[Kcandidate: â€˜[01m[Ktemplate<class _Tp> constexpr const _Tp& std::clamp(const _Tp&, const _Tp&, const _Tp&)[m[Kâ€™
 3656 |     [01;36m[Kclamp[m[K(const _Tp& __val, const _Tp& __lo, const _Tp& __hi)
      |     [01;36m[K^~~~~[m[K
[01m[K/usr/include/c++/11/bits/stl_algo.h:3656:5:[m[K [01;36m[Knote: [m[K  template argument deduction/substitution failed:
[01m[K/home/ziad/Ziad_WS/ROS2/work_space/src/turtlebot3_custom/src/turtlebot3_controller.cpp:240:37:[m[K [01;36m[Knote: [m[K  deduced conflicting types for parameter â€˜[01m[Kconst _Tp[m[Kâ€™ (â€˜[01m[Kdouble[m[Kâ€™ and â€˜[01m[Kfloat[m[Kâ€™)
  240 |         twist.angular.z = [01;36m[Kstd::clamp(twist.angular.z, -1.0f, 1.0f)[m[K;
      |                           [01;36m[K~~~~~~~~~~^~~~~~~~~~~~~~~~~~~~~~~~~~~~~~[m[K
In file included from [01m[K/usr/include/c++/11/algorithm:62[m[K,
                 from [01m[K/opt/ros/humble/include/rclcpp/rclcpp/executor.hpp:18[m[K,
                 from [01m[K/opt/ros/humble/include/rclcpp/rclcpp/executors/multi_threaded_executor.hpp:25[m[K,
                 from [01m[K/opt/ros/humble/include/rclcpp/rclcpp/executors.hpp:21[m[K,
                 from [01m[K/opt/ros/humble/include/rclcpp/rclcpp/rclcpp.hpp:155[m[K,
                 from [01m[K/home/ziad/Ziad_WS/ROS2/work_space/src/turtlebot3_custom/src/turtlebot3_controller.cpp:1[m[K:
[01m[K/usr/include/c++/11/bits/stl_algo.h:3674:5:[m[K [01;36m[Knote: [m[Kcandidate: â€˜[01m[Ktemplate<class _Tp, class _Compare> constexpr const _Tp& std::clamp(const _Tp&, const _Tp&, const _Tp&, _Compare)[m[Kâ€™
 3674 |     [01;36m[Kclamp[m[K(const _Tp& __val, const _Tp& __lo, const _Tp& __hi, _Compare __comp)
      |     [01;36m[K^~~~~[m[K
[01m[K/usr/include/c++/11/bits/stl_algo.h:3674:5:[m[K [01;36m[Knote: [m[K  template argument deduction/substitution failed:
[01m[K/home/ziad/Ziad_WS/ROS2/work_space/src/turtlebot3_custom/src/turtlebot3_controller.cpp:240:37:[m[K [01;36m[Knote: [m[K  deduced conflicting types for parameter â€˜[01m[Kconst _Tp[m[Kâ€™ (â€˜[01m[Kdouble[m[Kâ€™ and â€˜[01m[Kfloat[m[Kâ€™)
  240 |         twist.angular.z = [01;36m[Kstd::clamp(twist.angular.z, -1.0f, 1.0f)[m[K;
      |                           [01;36m[K~~~~~~~~~~^~~~~~~~~~~~~~~~~~~~~~~~~~~~~~[m[K
gmake[2]: *** [CMakeFiles/turtlebot3_controller.dir/build.make:76: CMakeFiles/turtlebot3_controller.dir/src/turtlebot3_controller.cpp.o] Error 1
gmake[1]: *** [CMakeFiles/Makefile2:602: CMakeFiles/turtlebot3_controller.dir/all] Error 2
gmake: *** [Makefile:146: all] Error 2
