[01m[Kcc1plus:[m[K [01;31m[Kfatal error: [m[K/home/ziad/Ziad_WS/ROS2/work_space/src/turtlebot3_custom/src/modern_teleop_controller.cpp: No such file or directory
compilation terminated.
gmake[2]: *** [CMakeFiles/modern_teleop_controller.dir/build.make:76: CMakeFiles/modern_teleop_controller.dir/src/modern_teleop_controller.cpp.o] Error 1
gmake[1]: *** [CMakeFiles/Makefile2:736: CMakeFiles/modern_teleop_controller.dir/all] Error 2
gmake[1]: *** Waiting for unfinished jobs....
gmake: *** [Makefile:146: all] Error 2
