[0.148s] Invoking command in '/home/ziad/Ziad_WS/ROS2/work_space/build/turtlebot3_custom': CMAKE_PREFIX_PATH=${CMAKE_PREFIX_PATH}:/opt/ros/humble /usr/bin/cmake --build /home/ziad/Ziad_WS/ROS2/work_space/build/turtlebot3_custom -- -j4 -l4
[0.417s] [  1%] Built target turtlebot3_custom__cpp
[0.466s] [  9%] Built target turtlebot3_custom__rosidl_generator_c
[0.478s] [35m[1mConsolidate compiler generated dependencies of target turtlebot3_controller[0m
[0.573s] [ 11%] [32mBuilding CXX object CMakeFiles/turtlebot3_controller.dir/src/turtlebot3_controller.cpp.o[0m
[0.617s] [ 13%] [32mBuilding CXX object CMakeFiles/modern_teleop_controller.dir/src/modern_teleop_controller.cpp.o[0m
[0.639s] [01m[Kcc1plus:[m[K [01;31m[Kfatal error: [m[K/home/ziad/Ziad_WS/ROS2/work_space/src/turtlebot3_custom/src/modern_teleop_controller.cpp: No such file or directory
[0.640s] compilation terminated.
[0.641s] gmake[2]: *** [CMakeFiles/modern_teleop_controller.dir/build.make:76: CMakeFiles/modern_teleop_controller.dir/src/modern_teleop_controller.cpp.o] Error 1
[0.641s] gmake[1]: *** [CMakeFiles/Makefile2:736: CMakeFiles/modern_teleop_controller.dir/all] Error 2
[0.641s] gmake[1]: *** Waiting for unfinished jobs....
[20.274s] [ 15%] [32m[1mLinking CXX executable turtlebot3_controller[0m
[21.309s] [ 15%] Built target turtlebot3_controller
[21.311s] gmake: *** [Makefile:146: all] Error 2
[21.315s] Invoked command in '/home/ziad/Ziad_WS/ROS2/work_space/build/turtlebot3_custom' returned '2': CMAKE_PREFIX_PATH=${CMAKE_PREFIX_PATH}:/opt/ros/humble /usr/bin/cmake --build /home/ziad/Ziad_WS/ROS2/work_space/build/turtlebot3_custom -- -j4 -l4
