[01m[K/home/ziad/Ziad_WS/ROS2/work_space/src/ros2_action/src/count_number_action_server.cpp:3:10:[m[K [01;31m[Kfatal error: [m[Kros2_action/action/countdown.hpp: No such file or directory
    3 | #include [01;31m[K"ros2_action/action/countdown.hpp"[m[K
      |          [01;31m[K^~~~~~~~~~~~~~~~~~~~~~~~~~~~~~~~~~[m[K
compilation terminated.
gmake[2]: *** [CMakeFiles/action_count_down_server.dir/build.make:76: CMakeFiles/action_count_down_server.dir/src/count_number_action_server.cpp.o] Error 1
gmake[1]: *** [CMakeFiles/Makefile2:592: CMakeFiles/action_count_down_server.dir/all] Error 2
gmake[1]: *** Waiting for unfinished jobs....
gmake: *** [Makefile:146: all] Error 2
