[0.012s] Invoking command in '/home/ziad/Ziad_WS/ROS2/work_space/build/ros2_action': CMAKE_PREFIX_PATH=${CMAKE_PREFIX_PATH}:/home/ziad/turtlebot3_ws/install/turtlebot3_teleop:/home/ziad/turtlebot3_ws/install/turtlebot3_example:/opt/ros/humble /usr/bin/cmake /home/ziad/Ziad_WS/ROS2/work_space/src/ros2_action -DAMENT_CMAKE_SYMLINK_INSTALL=1 -DCMAKE_INSTALL_PREFIX=/home/ziad/Ziad_WS/ROS2/work_space/install/ros2_action
[0.087s] -- The C compiler identification is GNU 11.4.0
[0.160s] -- The CXX compiler identification is GNU 11.4.0
[0.170s] -- Detecting C compiler ABI info
[0.256s] -- Detecting C compiler ABI info - done
[0.265s] -- Check for working C compiler: /usr/bin/cc - skipped
[0.265s] -- Detecting C compile features
[0.266s] -- Detecting C compile features - done
[0.270s] -- Detecting CXX compiler ABI info
[0.365s] -- Detecting CXX compiler ABI info - done
[0.375s] -- Check for working CXX compiler: /usr/bin/c++ - skipped
[0.375s] -- Detecting CXX compile features
[0.376s] -- Detecting CXX compile features - done
[0.384s] -- Found ament_cmake: 1.3.12 (/opt/ros/humble/share/ament_cmake/cmake)
[1.416s] -- Found Python3: /usr/bin/python3 (found version "3.10.12") found components: Interpreter 
[1.507s] -- Override CMake install command with custom implementation using symlinks instead of copying resources
[1.579s] -- Found rclcpp: 16.0.14 (/opt/ros/humble/share/rclcpp/cmake)
[1.657s] -- Found rosidl_generator_c: 3.1.7 (/opt/ros/humble/share/rosidl_generator_c/cmake)
[1.667s] -- Found rosidl_adapter: 3.1.7 (/opt/ros/humble/share/rosidl_adapter/cmake)
[1.682s] -- Found rosidl_generator_cpp: 3.1.7 (/opt/ros/humble/share/rosidl_generator_cpp/cmake)
[1.703s] -- Using all available rosidl_typesupport_c: rosidl_typesupport_fastrtps_c;rosidl_typesupport_introspection_c
[1.732s] -- Using all available rosidl_typesupport_cpp: rosidl_typesupport_fastrtps_cpp;rosidl_typesupport_introspection_cpp
[1.809s] -- Found rmw_implementation_cmake: 6.1.2 (/opt/ros/humble/share/rmw_implementation_cmake/cmake)
[1.815s] -- Found rmw_fastrtps_cpp: 6.2.8 (/opt/ros/humble/share/rmw_fastrtps_cpp/cmake)
[1.942s] -- Found OpenSSL: /usr/lib/x86_64-linux-gnu/libcrypto.so (found version "3.0.2")  
[1.979s] -- Found FastRTPS: /opt/ros/humble/include  
[2.035s] -- Using RMW implementation 'rmw_fastrtps_cpp' as default
[2.051s] -- Looking for pthread.h
[2.136s] -- Looking for pthread.h - found
[2.137s] -- Performing Test CMAKE_HAVE_LIBC_PTHREAD
[2.220s] -- Performing Test CMAKE_HAVE_LIBC_PTHREAD - Success
[2.221s] -- Found Threads: TRUE  
[2.293s] -- Found rclcpp_action: 16.0.14 (/opt/ros/humble/share/rclcpp_action/cmake)
[2.341s] -- Found rosidl_default_generators: 1.2.0 (/opt/ros/humble/share/rosidl_default_generators/cmake)
[2.721s] -- Found ament_cmake_ros: 0.10.0 (/opt/ros/humble/share/ament_cmake_ros/cmake)
[3.169s] -- Using all available rosidl_typesupport_c: rosidl_typesupport_fastrtps_c;rosidl_typesupport_introspection_c
[3.341s] -- Using all available rosidl_typesupport_cpp: rosidl_typesupport_fastrtps_cpp;rosidl_typesupport_introspection_cpp
[3.379s] -- Found PythonInterp: /usr/bin/python3 (found suitable version "3.10.12", minimum required is "3.6") 
[3.382s] -- Found python_cmake_module: 0.10.0 (/opt/ros/humble/share/python_cmake_module/cmake)
[3.419s] -- Found PythonLibs: /usr/lib/x86_64-linux-gnu/libpython3.10.so (found suitable version "3.10.12", minimum required is "3.5") 
[3.420s] -- Using PYTHON_EXECUTABLE: /usr/bin/python3
[3.420s] -- Using PYTHON_INCLUDE_DIRS: /usr/include/python3.10
[3.420s] -- Using PYTHON_LIBRARIES: /usr/lib/x86_64-linux-gnu/libpython3.10.so
[3.455s] -- Found PythonExtra: .so  
[3.531s] -- Found ament_lint_auto: 0.12.14 (/opt/ros/humble/share/ament_lint_auto/cmake)
[3.632s] -- Added test 'cppcheck' to perform static code analysis on C / C++ code
[3.633s] -- Configured cppcheck include dirs: 
[3.633s] -- Configured cppcheck exclude dirs and/or files: 
[3.635s] -- Added test 'lint_cmake' to check CMake code style
[3.637s] -- Added test 'uncrustify' to check C / C++ code style
[3.637s] -- Configured uncrustify additional arguments: 
[3.638s] -- Added test 'xmllint' to check XML markup files
[3.644s] -- Configuring done
[3.686s] -- Generating done
[3.701s] -- Build files have been written to: /home/ziad/Ziad_WS/ROS2/work_space/build/ros2_action
[3.719s] Invoked command in '/home/ziad/Ziad_WS/ROS2/work_space/build/ros2_action' returned '0': CMAKE_PREFIX_PATH=${CMAKE_PREFIX_PATH}:/home/ziad/turtlebot3_ws/install/turtlebot3_teleop:/home/ziad/turtlebot3_ws/install/turtlebot3_example:/opt/ros/humble /usr/bin/cmake /home/ziad/Ziad_WS/ROS2/work_space/src/ros2_action -DAMENT_CMAKE_SYMLINK_INSTALL=1 -DCMAKE_INSTALL_PREFIX=/home/ziad/Ziad_WS/ROS2/work_space/install/ros2_action
[3.721s] Invoking command in '/home/ziad/Ziad_WS/ROS2/work_space/build/ros2_action': CMAKE_PREFIX_PATH=${CMAKE_PREFIX_PATH}:/home/ziad/turtlebot3_ws/install/turtlebot3_teleop:/home/ziad/turtlebot3_ws/install/turtlebot3_example:/opt/ros/humble /usr/bin/cmake --build /home/ziad/Ziad_WS/ROS2/work_space/build/ros2_action -- -j4 -l4
[3.777s] [  3%] [34m[1mGenerating C code for ROS interfaces[0m
[3.793s] [  6%] [34m[1mGenerating C++ code for ROS interfaces[0m
[3.797s] [  9%] [32mBuilding CXX object CMakeFiles/action_count_down_server.dir/src/count_number_action_server.cpp.o[0m
[3.810s] [  9%] Built target ament_cmake_python_symlink_ros2_action
[4.361s] [01m[K/home/ziad/Ziad_WS/ROS2/work_space/src/ros2_action/src/count_number_action_server.cpp:3:10:[m[K [01;31m[Kfatal error: [m[Kros2_action/action/countdown.hpp: No such file or directory
[4.361s]     3 | #include [01;31m[K"ros2_action/action/countdown.hpp"[m[K
[4.361s]       |          [01;31m[K^~~~~~~~~~~~~~~~~~~~~~~~~~~~~~~~~~[m[K
[4.361s] compilation terminated.
[4.366s] gmake[2]: *** [CMakeFiles/action_count_down_server.dir/build.make:76: CMakeFiles/action_count_down_server.dir/src/count_number_action_server.cpp.o] Error 1
[4.366s] gmake[1]: *** [CMakeFiles/Makefile2:592: CMakeFiles/action_count_down_server.dir/all] Error 2
[4.367s] gmake[1]: *** Waiting for unfinished jobs....
[4.639s] [  9%] Built target ros2_action__cpp
[4.759s] [ 12%] [32mBuilding C object CMakeFiles/ros2_action__rosidl_generator_c.dir/rosidl_generator_c/ros2_action/action/detail/countdown__functions.c.o[0m
[4.827s] running egg_info
[4.828s] creating ros2_action.egg-info
[4.863s] writing ros2_action.egg-info/PKG-INFO
[4.864s] writing dependency_links to ros2_action.egg-info/dependency_links.txt
[4.864s] writing top-level names to ros2_action.egg-info/top_level.txt
[4.868s] writing manifest file 'ros2_action.egg-info/SOURCES.txt'
[4.927s] [ 15%] [32m[1mLinking C shared library libros2_action__rosidl_generator_c.so[0m
[4.966s] reading manifest file 'ros2_action.egg-info/SOURCES.txt'
[4.967s] writing manifest file 'ros2_action.egg-info/SOURCES.txt'
[4.974s] [ 15%] Built target ros2_action__rosidl_generator_c
[5.029s] [ 15%] Built target ament_cmake_python_build_ros2_action_egg
[5.030s] gmake: *** [Makefile:146: all] Error 2
[5.033s] Invoked command in '/home/ziad/Ziad_WS/ROS2/work_space/build/ros2_action' returned '2': CMAKE_PREFIX_PATH=${CMAKE_PREFIX_PATH}:/home/ziad/turtlebot3_ws/install/turtlebot3_teleop:/home/ziad/turtlebot3_ws/install/turtlebot3_example:/opt/ros/humble /usr/bin/cmake --build /home/ziad/Ziad_WS/ROS2/work_space/build/ros2_action -- -j4 -l4
