[35m[1mConsolidate compiler generated dependencies of target srv_act_ros2__rosidl_generator_c[0m
[  2%] Built target srv_act_ros2__cpp
[35m[1mConsolidate compiler generated dependencies of target srv_act_ros2__rosidl_typesupport_cpp[0m
[  2%] Built target ament_cmake_python_copy_srv_act_ros2
[ 10%] Built target srv_act_ros2__rosidl_generator_c
[ 19%] Built target srv_act_ros2__rosidl_typesupport_cpp
[35m[1mConsolidate compiler generated dependencies of target srv_act_ros2__rosidl_typesupport_introspection_cpp[0m
[35m[1mConsolidate compiler generated dependencies of target srv_act_ros2__rosidl_typesupport_fastrtps_cpp[0m
[ 27%] Built target srv_act_ros2__rosidl_typesupport_introspection_cpp
[35m[1mConsolidate compiler generated dependencies of target srv_act_ros2__rosidl_typesupport_fastrtps_c[0m
[35m[1mConsolidate compiler generated dependencies of target srv_act_ros2__rosidl_typesupport_introspection_c[0m
[ 36%] Built target srv_act_ros2__rosidl_typesupport_fastrtps_cpp
[ 44%] Built target srv_act_ros2__rosidl_typesupport_introspection_c
[ 53%] Built target srv_act_ros2__rosidl_typesupport_fastrtps_c
[35m[1mConsolidate compiler generated dependencies of target srv_act_ros2__rosidl_typesupport_c[0m
[ 55%] [32mBuilding CXX object CMakeFiles/srv_act_ros2__rosidl_typesupport_c.dir/rosidl_typesupport_c/srv_act_ros2/action/countdown__type_support.cpp.o[0m
[ 57%] [32mBuilding CXX object CMakeFiles/add_two_ints_client.dir/src/add_two_ints_client.cpp.o[0m
[ 59%] [32mBuilding CXX object CMakeFiles/add_two_ints_server.dir/src/add_two_ints_server.cpp.o[0m
[ 61%] [32m[1mLinking CXX shared library libsrv_act_ros2__rosidl_typesupport_c.so[0m
[ 65%] Built target srv_act_ros2__rosidl_typesupport_c
[ 68%] [32mBuilding CXX object CMakeFiles/countdown_server.dir/src/countdown_server.cpp.o[0m
[01m[K/home/ziad/Ziad_WS/ROS2/work_space/src/ros2_action/src/add_two_ints_client.cpp:2:10:[m[K [01;31m[Kfatal error: [m[Kros2_action/srv/add_two_ints.hpp: No such file or directory
    2 | #include [01;31m[K"ros2_action/srv/add_two_ints.hpp"[m[K
      |          [01;31m[K^~~~~~~~~~~~~~~~~~~~~~~~~~~~~~~~~~[m[K
compilation terminated.
gmake[2]: *** [CMakeFiles/add_two_ints_client.dir/build.make:76: CMakeFiles/add_two_ints_client.dir/src/add_two_ints_client.cpp.o] Error 1
gmake[1]: *** [CMakeFiles/Makefile2:626: CMakeFiles/add_two_ints_client.dir/all] Error 2
gmake[1]: *** Waiting for unfinished jobs....
[01m[K/home/ziad/Ziad_WS/ROS2/work_space/src/ros2_action/src/add_two_ints_server.cpp:2:10:[m[K [01;31m[Kfatal error: [m[Kros2_action/srv/add_two_ints.hpp: No such file or directory
    2 | #include [01;31m[K"ros2_action/srv/add_two_ints.hpp"[m[K
      |          [01;31m[K^~~~~~~~~~~~~~~~~~~~~~~~~~~~~~~~~~[m[K
compilation terminated.
gmake[2]: *** [CMakeFiles/add_two_ints_server.dir/build.make:76: CMakeFiles/add_two_ints_server.dir/src/add_two_ints_server.cpp.o] Error 1
gmake[1]: *** [CMakeFiles/Makefile2:599: CMakeFiles/add_two_ints_server.dir/all] Error 2
[01m[K/home/ziad/Ziad_WS/ROS2/work_space/src/ros2_action/src/countdown_server.cpp:3:10:[m[K [01;31m[Kfatal error: [m[Kros2_action/action/countdown.hpp: No such file or directory
    3 | #include [01;31m[K"ros2_action/action/countdown.hpp"[m[K
      |          [01;31m[K^~~~~~~~~~~~~~~~~~~~~~~~~~~~~~~~~~[m[K
compilation terminated.
gmake[2]: *** [CMakeFiles/countdown_server.dir/build.make:76: CMakeFiles/countdown_server.dir/src/countdown_server.cpp.o] Error 1
gmake[1]: *** [CMakeFiles/Makefile2:653: CMakeFiles/countdown_server.dir/all] Error 2
running egg_info
writing srv_act_ros2.egg-info/PKG-INFO
writing dependency_links to srv_act_ros2.egg-info/dependency_links.txt
writing top-level names to srv_act_ros2.egg-info/top_level.txt
reading manifest file 'srv_act_ros2.egg-info/SOURCES.txt'
writing manifest file 'srv_act_ros2.egg-info/SOURCES.txt'
[ 68%] Built target ament_cmake_python_build_srv_act_ros2_egg
gmake: *** [Makefile:146: all] Error 2
