[0.034s] Invoking command in '/home/ziad/Ziad_WS/ROS2/work_space/build/srv_act_ros2': CMAKE_PREFIX_PATH=${CMAKE_PREFIX_PATH}:/home/ziad/turtlebot3_ws/install/turtlebot3_teleop:/home/ziad/turtlebot3_ws/install/turtlebot3_example:/opt/ros/humble /usr/bin/cmake --build /home/ziad/Ziad_WS/ROS2/work_space/build/srv_act_ros2 -- -j4 -l4
[0.200s] [35m[1mConsolidate compiler generated dependencies of target srv_act_ros2__rosidl_generator_c[0m
[0.264s] [  2%] Built target srv_act_ros2__cpp
[0.298s] [35m[1mConsolidate compiler generated dependencies of target srv_act_ros2__rosidl_typesupport_cpp[0m
[0.319s] [  2%] Built target ament_cmake_python_copy_srv_act_ros2
[0.319s] [ 10%] Built target srv_act_ros2__rosidl_generator_c
[0.358s] [ 19%] Built target srv_act_ros2__rosidl_typesupport_cpp
[0.364s] [35m[1mConsolidate compiler generated dependencies of target srv_act_ros2__rosidl_typesupport_introspection_cpp[0m
[0.393s] [35m[1mConsolidate compiler generated dependencies of target srv_act_ros2__rosidl_typesupport_fastrtps_cpp[0m
[0.438s] [ 27%] Built target srv_act_ros2__rosidl_typesupport_introspection_cpp
[0.471s] [35m[1mConsolidate compiler generated dependencies of target srv_act_ros2__rosidl_typesupport_fastrtps_c[0m
[0.486s] [35m[1mConsolidate compiler generated dependencies of target srv_act_ros2__rosidl_typesupport_introspection_c[0m
[0.537s] [ 36%] Built target srv_act_ros2__rosidl_typesupport_fastrtps_cpp
[0.538s] [ 44%] Built target srv_act_ros2__rosidl_typesupport_introspection_c
[0.556s] [ 53%] Built target srv_act_ros2__rosidl_typesupport_fastrtps_c
[0.572s] [35m[1mConsolidate compiler generated dependencies of target srv_act_ros2__rosidl_typesupport_c[0m
[0.626s] [ 55%] [32mBuilding CXX object CMakeFiles/srv_act_ros2__rosidl_typesupport_c.dir/rosidl_typesupport_c/srv_act_ros2/action/countdown__type_support.cpp.o[0m
[0.652s] [ 57%] [32mBuilding CXX object CMakeFiles/add_two_ints_client.dir/src/add_two_ints_client.cpp.o[0m
[0.668s] [ 59%] [32mBuilding CXX object CMakeFiles/add_two_ints_server.dir/src/add_two_ints_server.cpp.o[0m
[0.893s] [ 61%] [32m[1mLinking CXX shared library libsrv_act_ros2__rosidl_typesupport_c.so[0m
[1.142s] [ 65%] Built target srv_act_ros2__rosidl_typesupport_c
[1.258s] [ 68%] [32mBuilding CXX object CMakeFiles/countdown_server.dir/src/countdown_server.cpp.o[0m
[1.540s] [01m[K/home/ziad/Ziad_WS/ROS2/work_space/src/ros2_action/src/add_two_ints_client.cpp:2:10:[m[K [01;31m[Kfatal error: [m[Kros2_action/srv/add_two_ints.hpp: No such file or directory
[1.541s]     2 | #include [01;31m[K"ros2_action/srv/add_two_ints.hpp"[m[K
[1.541s]       |          [01;31m[K^~~~~~~~~~~~~~~~~~~~~~~~~~~~~~~~~~[m[K
[1.541s] compilation terminated.
[1.550s] gmake[2]: *** [CMakeFiles/add_two_ints_client.dir/build.make:76: CMakeFiles/add_two_ints_client.dir/src/add_two_ints_client.cpp.o] Error 1
[1.550s] gmake[1]: *** [CMakeFiles/Makefile2:626: CMakeFiles/add_two_ints_client.dir/all] Error 2
[1.550s] gmake[1]: *** Waiting for unfinished jobs....
[1.708s] [01m[K/home/ziad/Ziad_WS/ROS2/work_space/src/ros2_action/src/add_two_ints_server.cpp:2:10:[m[K [01;31m[Kfatal error: [m[Kros2_action/srv/add_two_ints.hpp: No such file or directory
[1.709s]     2 | #include [01;31m[K"ros2_action/srv/add_two_ints.hpp"[m[K
[1.709s]       |          [01;31m[K^~~~~~~~~~~~~~~~~~~~~~~~~~~~~~~~~~[m[K
[1.709s] compilation terminated.
[1.717s] gmake[2]: *** [CMakeFiles/add_two_ints_server.dir/build.make:76: CMakeFiles/add_two_ints_server.dir/src/add_two_ints_server.cpp.o] Error 1
[1.717s] gmake[1]: *** [CMakeFiles/Makefile2:599: CMakeFiles/add_two_ints_server.dir/all] Error 2
[2.353s] [01m[K/home/ziad/Ziad_WS/ROS2/work_space/src/ros2_action/src/countdown_server.cpp:3:10:[m[K [01;31m[Kfatal error: [m[Kros2_action/action/countdown.hpp: No such file or directory
[2.354s]     3 | #include [01;31m[K"ros2_action/action/countdown.hpp"[m[K
[2.354s]       |          [01;31m[K^~~~~~~~~~~~~~~~~~~~~~~~~~~~~~~~~~[m[K
[2.354s] compilation terminated.
[2.364s] gmake[2]: *** [CMakeFiles/countdown_server.dir/build.make:76: CMakeFiles/countdown_server.dir/src/countdown_server.cpp.o] Error 1
[2.365s] gmake[1]: *** [CMakeFiles/Makefile2:653: CMakeFiles/countdown_server.dir/all] Error 2
[2.556s] running egg_info
[2.739s] writing srv_act_ros2.egg-info/PKG-INFO
[2.744s] writing dependency_links to srv_act_ros2.egg-info/dependency_links.txt
[2.744s] writing top-level names to srv_act_ros2.egg-info/top_level.txt
[3.298s] reading manifest file 'srv_act_ros2.egg-info/SOURCES.txt'
[3.311s] writing manifest file 'srv_act_ros2.egg-info/SOURCES.txt'
[3.573s] [ 68%] Built target ament_cmake_python_build_srv_act_ros2_egg
[3.576s] gmake: *** [Makefile:146: all] Error 2
[3.579s] Invoked command in '/home/ziad/Ziad_WS/ROS2/work_space/build/srv_act_ros2' returned '2': CMAKE_PREFIX_PATH=${CMAKE_PREFIX_PATH}:/home/ziad/turtlebot3_ws/install/turtlebot3_teleop:/home/ziad/turtlebot3_ws/install/turtlebot3_example:/opt/ros/humble /usr/bin/cmake --build /home/ziad/Ziad_WS/ROS2/work_space/build/srv_act_ros2 -- -j4 -l4
