[01m[K/home/ziad/Ziad_WS/ROS2/work_space/src/turtlebot3_custom/src/status_client.cpp:[m[K In member function â€˜[01m[Kvoid StatusClient::send_request()[m[Kâ€™:
[01m[K/home/ziad/Ziad_WS/ROS2/work_space/src/turtlebot3_custom/src/status_client.cpp:39:85:[m[K [01;31m[Kerror: [m[Kâ€˜[01m[Kresult[m[Kâ€™ was not declared in this scope
   39 | :spin_until_future_complete(this->get_node_base_interface(), [01;31m[Kresult[m[K) ==
      |                                                              [01;31m[K^~~~~~[m[K

gmake[2]: *** [CMakeFiles/status_client.dir/build.make:76: CMakeFiles/status_client.dir/src/status_client.cpp.o] Error 1
gmake[1]: *** [CMakeFiles/Makefile2:654: CMakeFiles/status_client.dir/all] Error 2
gmake: *** [Makefile:146: all] Error 2
