[  1%] Built target turtlebot3_custom__cpp
[  9%] Built target turtlebot3_custom__rosidl_generator_c
[ 13%] Built target turtlebot3_controller
[35m[1mConsolidate compiler generated dependencies of target modern_teleop_controller[0m
[ 13%] Built target ament_cmake_python_copy_turtlebot3_custom
[ 21%] Built target turtlebot3_custom__rosidl_typesupport_cpp
[ 23%] [32mBuilding CXX object CMakeFiles/modern_teleop_controller.dir/src/modern_teleop_controller.cpp.o[0m
[ 31%] Built target turtlebot3_custom__rosidl_typesupport_fastrtps_c
[ 39%] Built target turtlebot3_custom__rosidl_typesupport_fastrtps_cpp
[ 47%] Built target turtlebot3_custom__rosidl_typesupport_c
[ 54%] Built target turtlebot3_custom__rosidl_typesupport_introspection_cpp
[ 62%] Built target turtlebot3_custom__rosidl_typesupport_introspection_c
[ 66%] Built target robot_status_server
[ 70%] Built target status_client
[ 74%] Built target navigation_client
[ 78%] Built target navigation_action_server
[ 78%] Built target turtlebot3_custom
[ 80%] Built target turtlebot3_custom__py
[ 86%] Built target turtlebot3_custom__rosidl_generator_py
[ 90%] Built target turtlebot3_custom__rosidl_typesupport_fastrtps_c__pyext
[ 94%] Built target turtlebot3_custom__rosidl_typesupport_introspection_c__pyext
[ 98%] Built target turtlebot3_custom__rosidl_typesupport_c__pyext
[01m[K/home/ziad/Ziad_WS/ROS2/work_space/src/turtlebot3_custom/src/modern_teleop_controller.cpp:180:56:[m[K [01;31m[Kerror: [m[Kstray â€˜[01m[K@[m[Kâ€™ in program
  180 | me_ = this->now();your name (you[01;31m[K@[m[Kdomain.com)
      |                                 [01;31m[K^[m[K

running egg_info
writing turtlebot3_custom.egg-info/PKG-INFO
writing dependency_links to turtlebot3_custom.egg-info/dependency_links.txt
writing top-level names to turtlebot3_custom.egg-info/top_level.txt
reading manifest file 'turtlebot3_custom.egg-info/SOURCES.txt'
writing manifest file 'turtlebot3_custom.egg-info/SOURCES.txt'
[ 98%] Built target ament_cmake_python_build_turtlebot3_custom_egg
[01m[K/home/ziad/Ziad_WS/ROS2/work_space/src/turtlebot3_custom/src/modern_teleop_controller.cpp:[m[K In member function â€˜[01m[Kvoid ModernTeleopController::processKeyInput(char)[m[Kâ€™:
[01m[K/home/ziad/Ziad_WS/ROS2/work_space/src/turtlebot3_custom/src/modern_teleop_controller.cpp:180:42:[m[K [01;31m[Kerror: [m[Kâ€˜[01m[Kyour[m[Kâ€™ was not declared in this scope
  180 | ast_command_time_ = this->now();[01;31m[Kyour[m[K name (you@domain.com)
      |                                 [01;31m[K^~~~[m[K

gmake[2]: *** [CMakeFiles/modern_teleop_controller.dir/build.make:76: CMakeFiles/modern_teleop_controller.dir/src/modern_teleop_controller.cpp.o] Error 1
gmake[1]: *** [CMakeFiles/Makefile2:736: CMakeFiles/modern_teleop_controller.dir/all] Error 2
gmake: *** [Makefile:146: all] Error 2
