<?xml version="1.0" encoding="UTF-8"?>
<Site BuildName="(empty)"
	BuildStamp="20250723-0609-Experimental"
	Name="ZiadFathy"
	Generator="ctest-3.22.1"
	CompilerName="/usr/bin/g++"
	CompilerVersion="11.4.0"
	OSName="Linux"
	Hostname="ZiadFathy"
	OSRelease="6.8.0-60-generic"
	OSVersion="#63~22.04.1-Ubuntu SMP PREEMPT_DYNAMIC Tue Apr 22 19:00:15 UTC 2"
	OSPlatform="x86_64"
	Is64Bits="1"
	VendorString="AuthenticAMD"
	VendorID="Advanced Micro Devices"
	FamilyID="21"
	ModelID="2"
	ProcessorCacheSize="2048"
	NumberOfLogicalCPU="8"
	NumberOfPhysicalCPU="4"
	TotalVirtualMemory="7818"
	TotalPhysicalMemory="3645"
	LogicalProcessorsPerPhysical="2"
	ProcessorClockFrequency="3515.2"
	>
	<Testing>
		<StartDateTime>Jul 23 09:53 EEST</StartDateTime>
		<StartTestTime>1753253638</StartTestTime>
		<TestList/>
		<EndDateTime>Jul 23 09:53 EEST</EndDateTime>
		<EndTestTime>1753253638</EndTestTime>
		<ElapsedMinutes>0</ElapsedMinutes>
	</Testing>
</Site>
